=====================================
DAY 1
10000	10000	10000	10000	10000	
=====================================
DAY 2
9500	9500	9500	9250	9250	
=====================================
DAY 3
9000	9000	9000	8500	8500	
=====================================
DAY 4
8500	8500	8500	7750	7750	
=====================================
DAY 5
8000	8000	8000	7000	7000	
=====================================
DAY 6
7500	7500	7500	6250	6250	
=====================================
DAY 7
7000	7000	7000	5500	5500	
=====================================
DAY 8
6500	6500	6500	4750	4750	
=====================================
DAY 9
6000	6000	6000	4000	4000	
=====================================
DAY 10
5500	5500	5500	3250	3250	
=====================================
DAY 11
5000	5000	5000	2500	2500	
=====================================
DAY 12
4500	4500	4500	1750	1750	
=====================================
DAY 13
4000	4000	4000	1000	1000	
=====================================
DAY 14
3500	3500	3500	250	250	
=====================================
DAY 15
2750	2750	2500	0	0	
=====================================
DAY 16
1750	1750	1500	0	0	
=====================================
DAY 17
750	750	500	0	0	
=====================================
DAY 18
0	0	0	0	0	
=====================================
